<?xml version="1.0" encoding="UTF-8"?>
<!-- Generated by org.testng.reporters.JUnitXMLReporter -->
<testsuite hostname="LAPTOP-0FGJQ36B" ignored="0" name="Test" tests="3" failures="0" timestamp="15 Jul 2018 19:17:13 GMT" time="15.283" errors="0">
  <testcase name="CheckLogin" time="9.119" classname="genericTestCases.LoginTests"/>
  <testcase name="checkTitle" time="0.022" classname="genericTestCases.LoginTests"/>
  <testcase name="logout" time="6.104" classname="genericTestCases.LoginTests"/>
</testsuite> <!-- Test -->
