<?xml version="1.0" encoding="UTF-8"?>
<testng-results skipped="0" failed="0" ignored="0" total="3" passed="3">
  <reporter-output>
  </reporter-output>
  <suite name="Suite" duration-ms="15283" started-at="2018-07-15T19:16:58Z" finished-at="2018-07-15T19:17:13Z">
    <groups>
    </groups>
    <test name="Test" duration-ms="15283" started-at="2018-07-15T19:16:58Z" finished-at="2018-07-15T19:17:13Z">
      <class name="genericTestCases.LoginTests">
        <test-method status="PASS" signature="initMethod()[pri:0, instance:genericTestCases.LoginTests@3c0f93f1]" name="initMethod" is-config="true" duration-ms="11380" started-at="2018-07-15T19:16:46Z" finished-at="2018-07-15T19:16:58Z">
          <reporter-output>
          </reporter-output>
        </test-method> <!-- initMethod -->
        <test-method status="PASS" signature="CheckLogin()[pri:0, instance:genericTestCases.LoginTests@3c0f93f1]" name="CheckLogin" duration-ms="9119" started-at="2018-07-15T19:16:58Z" finished-at="2018-07-15T19:17:07Z">
          <reporter-output>
          </reporter-output>
        </test-method> <!-- CheckLogin -->
        <test-method status="PASS" signature="checkTitle()[pri:1, instance:genericTestCases.LoginTests@3c0f93f1]" name="checkTitle" duration-ms="22" started-at="2018-07-15T19:17:07Z" finished-at="2018-07-15T19:17:07Z">
          <reporter-output>
          </reporter-output>
        </test-method> <!-- checkTitle -->
        <test-method status="PASS" signature="logout()[pri:2, instance:genericTestCases.LoginTests@3c0f93f1]" name="logout" duration-ms="6104" started-at="2018-07-15T19:17:07Z" finished-at="2018-07-15T19:17:13Z">
          <reporter-output>
          </reporter-output>
        </test-method> <!-- logout -->
        <test-method status="PASS" signature="closeBrowser()[pri:0, instance:genericTestCases.LoginTests@3c0f93f1]" name="closeBrowser" is-config="true" duration-ms="586" started-at="2018-07-15T19:17:13Z" finished-at="2018-07-15T19:17:14Z">
          <reporter-output>
          </reporter-output>
        </test-method> <!-- closeBrowser -->
      </class> <!-- genericTestCases.LoginTests -->
    </test> <!-- Test -->
  </suite> <!-- Suite -->
</testng-results>
